<?xml version="1.0" encoding="UTF-8" ?>
<testsuite tests="1" failures="0" name="pl.belter.phone.app.dao.PhoneDaoTest" time="0.856" errors="1" skipped="0">
  <properties>
    <property name="java.runtime.name" value="OpenJDK Runtime Environment"/>
    <property name="java.vm.version" value="11.0.2+9-Ubuntu-3ubuntu118.10.3"/>
    <property name="sun.boot.library.path" value="/usr/lib/jvm/java-11-openjdk-amd64/lib"/>
    <property name="maven.multiModuleProjectDirectory" value="/home/daniel/Dokumenty/TAU/TAU/04_phoneApp"/>
    <property name="java.vm.vendor" value="Oracle Corporation"/>
    <property name="java.vendor.url" value="http://java.oracle.com/"/>
    <property name="guice.disable.misplaced.annotation.check" value="true"/>
    <property name="path.separator" value=":"/>
    <property name="java.vm.name" value="OpenJDK 64-Bit Server VM"/>
    <property name="sun.os.patch.level" value="unknown"/>
    <property name="user.country" value="PL"/>
    <property name="sun.java.launcher" value="SUN_STANDARD"/>
    <property name="java.vm.specification.name" value="Java Virtual Machine Specification"/>
    <property name="user.dir" value="/home/daniel/Dokumenty/TAU/TAU/04_phoneApp"/>
    <property name="java.vm.compressedOopsMode" value="32-bit"/>
    <property name="java.runtime.version" value="11.0.2+9-Ubuntu-3ubuntu118.10.3"/>
    <property name="java.awt.graphicsenv" value="sun.awt.X11GraphicsEnvironment"/>
    <property name="os.arch" value="amd64"/>
    <property name="java.io.tmpdir" value="/tmp"/>
    <property name="line.separator" value="
"/>
    <property name="java.vm.specification.vendor" value="Oracle Corporation"/>
    <property name="os.name" value="Linux"/>
    <property name="classworlds.conf" value="/usr/share/maven/bin/m2.conf"/>
    <property name="sun.jnu.encoding" value="UTF-8"/>
    <property name="java.library.path" value="/usr/java/packages/lib:/usr/lib/x86_64-linux-gnu/jni:/lib/x86_64-linux-gnu:/usr/lib/x86_64-linux-gnu:/usr/lib/jni:/lib:/usr/lib"/>
    <property name="maven.conf" value="/usr/share/maven/conf"/>
    <property name="jdk.debug" value="release"/>
    <property name="java.class.version" value="55.0"/>
    <property name="java.specification.name" value="Java Platform API Specification"/>
    <property name="sun.management.compiler" value="HotSpot 64-Bit Tiered Compilers"/>
    <property name="os.version" value="4.18.0-17-generic"/>
    <property name="library.jansi.path" value="/usr/share/maven/lib/jansi-native"/>
    <property name="user.home" value="/home/daniel"/>
    <property name="user.timezone" value="Europe/Warsaw"/>
    <property name="java.awt.printerjob" value="sun.print.PSPrinterJob"/>
    <property name="file.encoding" value="UTF-8"/>
    <property name="java.specification.version" value="11"/>
    <property name="user.name" value="daniel"/>
    <property name="java.class.path" value="/usr/share/maven/boot/plexus-classworlds-2.x.jar"/>
    <property name="java.vm.specification.version" value="11"/>
    <property name="sun.arch.data.model" value="64"/>
    <property name="sun.java.command" value="org.codehaus.plexus.classworlds.launcher.Launcher clean test"/>
    <property name="java.home" value="/usr/lib/jvm/java-11-openjdk-amd64"/>
    <property name="user.language" value="pl"/>
    <property name="java.specification.vendor" value="Oracle Corporation"/>
    <property name="awt.toolkit" value="sun.awt.X11.XToolkit"/>
    <property name="java.vm.info" value="mixed mode, sharing"/>
    <property name="java.version" value="11.0.2"/>
    <property name="securerandom.source" value="file:/dev/./urandom"/>
    <property name="java.vendor" value="Oracle Corporation"/>
    <property name="maven.home" value="/usr/share/maven"/>
    <property name="file.separator" value="/"/>
    <property name="java.version.date" value="2019-01-15"/>
    <property name="java.vendor.url.bug" value="http://bugreport.java.com/bugreport/"/>
    <property name="sun.io.unicode.encoding" value="UnicodeLittle"/>
    <property name="sun.cpu.endian" value="little"/>
    <property name="sun.desktop" value="gnome"/>
    <property name="sun.cpu.isalist" value=""/>
  </properties>
  <testcase classname="pl.belter.phone.app.dao.PhoneDaoTest" name="pl.belter.phone.app.dao.PhoneDaoTest" time="0.856">
    <error message="
Mockito cannot mock this class: interface java.sql.Connection.

Mockito can only mock non-private &amp; non-final classes.
If you&apos;re not sure why you&apos;re getting this error, please report to the mailing list.


Java               : 11
JVM vendor name    : Oracle Corporation
JVM vendor version : 11.0.2+9-Ubuntu-3ubuntu118.10.3
JVM name           : OpenJDK 64-Bit Server VM
JVM version        : 11.0.2+9-Ubuntu-3ubuntu118.10.3
JVM info           : mixed mode, sharing
OS name            : Linux
OS version         : 4.18.0-17-generic


Underlying exception : java.lang.UnsupportedOperationException: Cannot define class using reflection" type="org.mockito.exceptions.base.MockitoException">org.mockito.exceptions.base.MockitoException: 
Mockito cannot mock this class: interface java.sql.Connection.

Mockito can only mock non-private &amp; non-final classes.
If you&apos;re not sure why you&apos;re getting this error, please report to the mailing list.


Java               : 11
JVM vendor name    : Oracle Corporation
JVM vendor version : 11.0.2+9-Ubuntu-3ubuntu118.10.3
JVM name           : OpenJDK 64-Bit Server VM
JVM version        : 11.0.2+9-Ubuntu-3ubuntu118.10.3
JVM info           : mixed mode, sharing
OS name            : Linux
OS version         : 4.18.0-17-generic


Underlying exception : java.lang.UnsupportedOperationException: Cannot define class using reflection
	at org.mockito.internal.runners.DefaultInternalRunner$1.withBefores(DefaultInternalRunner.java:39)
	at org.junit.runners.BlockJUnit4ClassRunner.methodBlock(BlockJUnit4ClassRunner.java:237)
	at org.junit.runners.BlockJUnit4ClassRunner.runChild(BlockJUnit4ClassRunner.java:69)
	at org.junit.runners.BlockJUnit4ClassRunner.runChild(BlockJUnit4ClassRunner.java:48)
	at org.junit.runners.ParentRunner$3.run(ParentRunner.java:231)
	at org.junit.runners.ParentRunner$1.schedule(ParentRunner.java:60)
	at org.junit.runners.ParentRunner.runChildren(ParentRunner.java:229)
	at org.junit.runners.ParentRunner.access$000(ParentRunner.java:50)
	at org.junit.runners.ParentRunner$2.evaluate(ParentRunner.java:222)
	at org.junit.runners.ParentRunner.run(ParentRunner.java:292)
	at org.mockito.internal.runners.DefaultInternalRunner$1.run(DefaultInternalRunner.java:79)
	at org.mockito.internal.runners.DefaultInternalRunner.run(DefaultInternalRunner.java:85)
	at org.mockito.internal.runners.StrictRunner.run(StrictRunner.java:39)
	at org.mockito.junit.MockitoJUnitRunner.run(MockitoJUnitRunner.java:163)
	at org.apache.maven.surefire.junit4.JUnit4Provider.execute(JUnit4Provider.java:252)
	at org.apache.maven.surefire.junit4.JUnit4Provider.executeTestSet(JUnit4Provider.java:141)
	at org.apache.maven.surefire.junit4.JUnit4Provider.invoke(JUnit4Provider.java:112)
	at java.base/jdk.internal.reflect.NativeMethodAccessorImpl.invoke0(Native Method)
	at java.base/jdk.internal.reflect.NativeMethodAccessorImpl.invoke(NativeMethodAccessorImpl.java:62)
	at java.base/jdk.internal.reflect.DelegatingMethodAccessorImpl.invoke(DelegatingMethodAccessorImpl.java:43)
	at java.base/java.lang.reflect.Method.invoke(Method.java:566)
	at org.apache.maven.surefire.util.ReflectionUtils.invokeMethodWithArray(ReflectionUtils.java:189)
	at org.apache.maven.surefire.booter.ProviderFactory$ProviderProxy.invoke(ProviderFactory.java:165)
	at org.apache.maven.surefire.booter.ProviderFactory.invokeProvider(ProviderFactory.java:85)
	at org.apache.maven.surefire.booter.ForkedBooter.runSuitesInProcess(ForkedBooter.java:115)
	at org.apache.maven.surefire.booter.ForkedBooter.main(ForkedBooter.java:75)
Caused by: java.lang.UnsupportedOperationException: Cannot define class using reflection
	at net.bytebuddy.dynamic.loading.ClassInjector$UsingReflection$Dispatcher$Unavailable.defineClass(ClassInjector.java:821)
	at net.bytebuddy.dynamic.loading.ClassInjector$UsingReflection.inject(ClassInjector.java:185)
	at net.bytebuddy.dynamic.loading.ClassLoadingStrategy$Default$InjectionDispatcher.load(ClassLoadingStrategy.java:187)
	at net.bytebuddy.dynamic.TypeResolutionStrategy$Passive.initialize(TypeResolutionStrategy.java:79)
	at net.bytebuddy.dynamic.DynamicType$Default$Unloaded.load(DynamicType.java:4456)
	at org.mockito.internal.creation.bytebuddy.SubclassBytecodeGenerator.mockClass(SubclassBytecodeGenerator.java:121)
	at org.mockito.internal.creation.bytebuddy.TypeCachingBytecodeGenerator$1.call(TypeCachingBytecodeGenerator.java:37)
	at org.mockito.internal.creation.bytebuddy.TypeCachingBytecodeGenerator$1.call(TypeCachingBytecodeGenerator.java:34)
	at net.bytebuddy.TypeCache.findOrInsert(TypeCache.java:138)
	at net.bytebuddy.TypeCache$WithInlineExpunction.findOrInsert(TypeCache.java:346)
	at net.bytebuddy.TypeCache.findOrInsert(TypeCache.java:161)
	at net.bytebuddy.TypeCache$WithInlineExpunction.findOrInsert(TypeCache.java:355)
	at org.mockito.internal.creation.bytebuddy.TypeCachingBytecodeGenerator.mockClass(TypeCachingBytecodeGenerator.java:32)
	at org.mockito.internal.creation.bytebuddy.SubclassByteBuddyMockMaker.createMockType(SubclassByteBuddyMockMaker.java:71)
	at org.mockito.internal.creation.bytebuddy.SubclassByteBuddyMockMaker.createMock(SubclassByteBuddyMockMaker.java:42)
	at org.mockito.internal.creation.bytebuddy.ByteBuddyMockMaker.createMock(ByteBuddyMockMaker.java:25)
	at org.mockito.internal.util.MockUtil.createMock(MockUtil.java:35)
	at org.mockito.internal.MockitoCore.mock(MockitoCore.java:65)
	at org.mockito.Mockito.mock(Mockito.java:1855)
	at org.mockito.internal.configuration.MockAnnotationProcessor.process(MockAnnotationProcessor.java:36)
	at org.mockito.internal.configuration.MockAnnotationProcessor.process(MockAnnotationProcessor.java:16)
	at org.mockito.internal.configuration.IndependentAnnotationEngine.createMockFor(IndependentAnnotationEngine.java:38)
	at org.mockito.internal.configuration.IndependentAnnotationEngine.process(IndependentAnnotationEngine.java:62)
	at org.mockito.internal.configuration.InjectingAnnotationEngine.processIndependentAnnotations(InjectingAnnotationEngine.java:57)
	at org.mockito.internal.configuration.InjectingAnnotationEngine.process(InjectingAnnotationEngine.java:41)
	at org.mockito.MockitoAnnotations.initMocks(MockitoAnnotations.java:69)
	... 26 more
Caused by: java.lang.IllegalStateException: Could not find sun.misc.Unsafe
	at net.bytebuddy.dynamic.loading.ClassInjector$UsingUnsafe$Dispatcher$Disabled.initialize(ClassInjector.java:1357)
	at net.bytebuddy.dynamic.loading.ClassInjector$UsingUnsafe.inject(ClassInjector.java:1193)
	at net.bytebuddy.dynamic.loading.ClassLoadingStrategy$ForUnsafeInjection.load(ClassLoadingStrategy.java:458)
	at net.bytebuddy.dynamic.TypeResolutionStrategy$Passive.initialize(TypeResolutionStrategy.java:79)
	at net.bytebuddy.dynamic.DynamicType$Default$Unloaded.load(DynamicType.java:4456)
	at net.bytebuddy.dynamic.loading.ClassInjector$UsingReflection$Dispatcher$Indirect.make(ClassInjector.java:684)
	at net.bytebuddy.dynamic.loading.ClassInjector$UsingReflection$Dispatcher$CreationAction.run(ClassInjector.java:302)
	at net.bytebuddy.dynamic.loading.ClassInjector$UsingReflection$Dispatcher$CreationAction.run(ClassInjector.java:290)
	at java.base/java.security.AccessController.doPrivileged(Native Method)
	at net.bytebuddy.dynamic.loading.ClassInjector$UsingReflection.&lt;clinit&gt;(ClassInjector.java:70)
	at net.bytebuddy.dynamic.loading.ClassLoadingStrategy$Default$InjectionDispatcher.load(ClassLoadingStrategy.java:184)
	... 49 more
Caused by: java.lang.NoSuchMethodException: sun.misc.Unsafe.defineClass(java.lang.String, [B, int, int, java.lang.ClassLoader, java.security.ProtectionDomain)
	at java.base/java.lang.Class.getMethod(Class.java:2109)
	at net.bytebuddy.dynamic.loading.ClassInjector$UsingUnsafe$Dispatcher$CreationAction.run(ClassInjector.java:1260)
	at net.bytebuddy.dynamic.loading.ClassInjector$UsingUnsafe$Dispatcher$CreationAction.run(ClassInjector.java:1248)
	at java.base/java.security.AccessController.doPrivileged(Native Method)
	at net.bytebuddy.dynamic.loading.ClassInjector$UsingUnsafe.&lt;clinit&gt;(ClassInjector.java:1127)
	... 58 more
</error>
  </testcase>
</testsuite>